Using pre-set license
Built from '2020.3/staging' branch; Version is '2020.3.22f1 (e1a7f79fd887) revision 14788599'; Using compiler version '192528614'; Build Type 'Release'
OS: 'Windows 10 Pro; OS build 19044.1645; Version 2009; 64bit' Language: 'ko' Physical Memory: 7986 MB
BatchMode: 1, IsHumanControllingUs: 0, StartBugReporterOnCrash: 0, Is64bit: 1, IsPro: 0

COMMAND LINE ARGUMENTS:
C:\Program Files\Unity\Hub\Editor\2020.3.22f1\Editor\Unity.exe
-adb2
-batchMode
-noUpm
-name
AssetImportWorker0
-projectPath
C:/Users/USER/Desktop/Unity/unity--science-arbook/Naru_Studio_ Mobile
-logFile
Logs/AssetImportWorker0.log
-srvPort
56759
Successfully changed project path to: C:/Users/USER/Desktop/Unity/unity--science-arbook/Naru_Studio_ Mobile
C:/Users/USER/Desktop/Unity/unity--science-arbook/Naru_Studio_ Mobile
Using Asset Import Pipeline V2.
Refreshing native plugins compatible for Editor in 180.99 ms, found 2 plugins.
Preloading 0 native plugins for Editor in 0.00 ms.
Initialize engine version: 2020.3.22f1 (e1a7f79fd887)
[Subsystems] Discovering subsystems at path C:/Program Files/Unity/Hub/Editor/2020.3.22f1/Editor/Data/Resources/UnitySubsystems
[Subsystems] Discovering subsystems at path C:/Users/USER/Desktop/Unity/unity--science-arbook/Naru_Studio_ Mobile/Assets
GfxDevice: creating device client; threaded=0
Direct3D:
    Version:  Direct3D 11.0 [level 11.1]
    Renderer: Intel(R) UHD Graphics 620 (ID=0x3ea0)
    Vendor:   
    VRAM:     3993 MB
    Driver:   25.20.100.6577
Initialize mono
Mono path[0] = 'C:/Program Files/Unity/Hub/Editor/2020.3.22f1/Editor/Data/Managed'
Mono path[1] = 'C:/Program Files/Unity/Hub/Editor/2020.3.22f1/Editor/Data/MonoBleedingEdge/lib/mono/unityjit'
Mono config path = 'C:/Program Files/Unity/Hub/Editor/2020.3.22f1/Editor/Data/MonoBleedingEdge/etc'
Using monoOptions --debugger-agent=transport=dt_socket,embedding=1,server=y,suspend=n,address=127.0.0.1:56164
Begin MonoManager ReloadAssembly
Registering precompiled unity dll's ...
Register platform support module: C:/Program Files/Unity/Hub/Editor/2020.3.22f1/Editor/Data/PlaybackEngines/WindowsStandaloneSupport/UnityEditor.WindowsStandalone.Extensions.dll
Registered in 0.006300 seconds.
Native extension for WindowsStandalone target not found
Refreshing native plugins compatible for Editor in 220.24 ms, found 2 plugins.
Preloading 0 native plugins for Editor in 0.00 ms.
Mono: successfully reloaded assembly
- Completed reload, in 11.175 seconds
Domain Reload Profiling:
	ReloadAssembly (11176ms)
		BeginReloadAssembly (188ms)
			ExecutionOrderSort (0ms)
			DisableScriptedObjects (0ms)
			BackupInstance (0ms)
			ReleaseScriptingObjects (0ms)
			CreateAndSetChildDomain (2ms)
		EndReloadAssembly (1584ms)
			LoadAssemblies (187ms)
			RebuildTransferFunctionScriptingTraits (0ms)
			SetupTypeCache (564ms)
			ReleaseScriptCaches (0ms)
			RebuildScriptCaches (113ms)
			SetupLoadedEditorAssemblies (618ms)
				LogAssemblyErrors (0ms)
				InitializePlatformSupportModulesInManaged (16ms)
				SetLoadedEditorAssemblies (0ms)
				RefreshPlugins (220ms)
				BeforeProcessingInitializeOnLoad (56ms)
				ProcessInitializeOnLoadAttributes (252ms)
				ProcessInitializeOnLoadMethodAttributes (73ms)
				AfterProcessingInitializeOnLoad (0ms)
				EditorAssembliesLoaded (0ms)
			ExecutionOrderSort2 (0ms)
			AwakeInstancesAfterBackupRestoration (0ms)
Platform modules already initialized, skipping
Registering precompiled user dll's ...
Registered in 0.024613 seconds.
Begin MonoManager ReloadAssembly
Native extension for WindowsStandalone target not found
Refreshing native plugins compatible for Editor in 2.83 ms, found 2 plugins.
Preloading 0 native plugins for Editor in 0.00 ms.
Mono: successfully reloaded assembly
- Completed reload, in  3.172 seconds
Domain Reload Profiling:
	ReloadAssembly (3174ms)
		BeginReloadAssembly (527ms)
			ExecutionOrderSort (0ms)
			DisableScriptedObjects (14ms)
			BackupInstance (0ms)
			ReleaseScriptingObjects (0ms)
			CreateAndSetChildDomain (44ms)
		EndReloadAssembly (2440ms)
			LoadAssemblies (400ms)
			RebuildTransferFunctionScriptingTraits (0ms)
			SetupTypeCache (895ms)
			ReleaseScriptCaches (1ms)
			RebuildScriptCaches (91ms)
			SetupLoadedEditorAssemblies (905ms)
				LogAssemblyErrors (0ms)
				InitializePlatformSupportModulesInManaged (14ms)
				SetLoadedEditorAssemblies (2ms)
				RefreshPlugins (3ms)
				BeforeProcessingInitializeOnLoad (233ms)
				ProcessInitializeOnLoadAttributes (614ms)
				ProcessInitializeOnLoadMethodAttributes (32ms)
				AfterProcessingInitializeOnLoad (8ms)
				EditorAssembliesLoaded (0ms)
			ExecutionOrderSort2 (0ms)
			AwakeInstancesAfterBackupRestoration (21ms)
Platform modules already initialized, skipping
========================================================================
Worker process is ready to serve import requests
Launched and connected shader compiler UnityShaderCompiler.exe after 0.12 seconds
Refreshing native plugins compatible for Editor in 1.10 ms, found 2 plugins.
Preloading 0 native plugins for Editor in 0.00 ms.
Unloading 1499 Unused Serialized files (Serialized files now loaded: 0)
System memory in use before: 77.5 MB.
System memory in use after: 77.6 MB.

Unloading 19 unused Assets to reduce memory usage. Loaded Objects now: 1931.
Total: 4.365300 ms (FindLiveObjects: 0.234300 ms CreateObjectMapping: 0.061000 ms MarkObjects: 3.962800 ms  DeleteObjects: 0.105700 ms)

AssetImportParameters requested are different than current active one (requested -> active):
  custom:framework-win-MediaFoundation: 216162199b28c13a410421893ffa2e32 -> 
  custom:video-decoder-ogg-theora: a1e56fd34408186e4bbccfd4996cb3dc -> 
  custom:container-muxer-webm: aa71ff27fc2769a1b78a27578f13a17b -> 
  custom:container-demuxer-webm: 4f35f7cbe854078d1ac9338744f61a02 -> 
  custom:container-demuxer-ogg: 62fdf1f143b41e24485cea50d1cbac27 -> 
  custom:video-encoder-webm-vp8: eb34c28f22e8b96e1ab97ce403110664 -> 
  custom:video-decoder-webm-vp8: 9c59270c3fd7afecdb556c50c9e8de78 -> 
  custom:audio-decoder-ogg-vorbis: bf7c407c2cedff20999df2af8eb42d56 -> 
  custom:audio-encoder-webm-vorbis: bf7c407c2cedff20999df2af8eb42d56 -> 
========================================================================
Received Import Request.
  path: Assets/GUIPack-Clean&Minimalist/Demo/Scenes/Demo/Demo.unity
  artifactKey: Guid(d82d5deb2fb554889b365029cce103fb) Importer(815301076,1909f56bfc062723c751e8b465ee728b)
Start importing Assets/GUIPack-Clean&Minimalist/Demo/Scenes/Demo/Demo.unity using Guid(d82d5deb2fb554889b365029cce103fb) Importer(815301076,1909f56bfc062723c751e8b465ee728b)  -> (artifact id: '6fd0e06d55a08f3415d5896886858159') in 0.029191 seconds 
  Import took 0.036589 seconds .

========================================================================
Received Import Request.
  Time since last request: 0.000818 seconds.
  path: Assets/GUIPack-Clean&Minimalist
  artifactKey: Guid(23d9562734ace3f4392ebd39d0f7d566) Importer(815301076,1909f56bfc062723c751e8b465ee728b)
Start importing Assets/GUIPack-Clean&Minimalist using Guid(23d9562734ace3f4392ebd39d0f7d566) Importer(815301076,1909f56bfc062723c751e8b465ee728b)  -> (artifact id: 'b9c85c4ddcc8a1abd0e32c41a404692a') in 0.005729 seconds 
  Import took 0.013107 seconds .

========================================================================
Received Import Request.
  Time since last request: 0.000356 seconds.
  path: Assets/GUIPack-Clean&Minimalist/Demo/Scenes/Demo
  artifactKey: Guid(d04a0d92f18af4b14afb12e906c5febc) Importer(815301076,1909f56bfc062723c751e8b465ee728b)
Start importing Assets/GUIPack-Clean&Minimalist/Demo/Scenes/Demo using Guid(d04a0d92f18af4b14afb12e906c5febc) Importer(815301076,1909f56bfc062723c751e8b465ee728b)  -> (artifact id: '551bf9c971d85004fb0e01bf52b958f6') in 0.004291 seconds 
  Import took 0.010711 seconds .

========================================================================
Received Import Request.
  Time since last request: 0.000577 seconds.
  path: Assets/GUIPack-Clean&Minimalist/Demo
  artifactKey: Guid(dac64ee1fcd594aada23cfc4b1b6cf73) Importer(815301076,1909f56bfc062723c751e8b465ee728b)
Start importing Assets/GUIPack-Clean&Minimalist/Demo using Guid(dac64ee1fcd594aada23cfc4b1b6cf73) Importer(815301076,1909f56bfc062723c751e8b465ee728b)  -> (artifact id: '9e2b519bc3cbb2cde2502528c11c642e') in 0.003521 seconds 
  Import took 0.009506 seconds .

========================================================================
Received Import Request.
  Time since last request: 0.000340 seconds.
  path: Assets/GUIPack-Clean&Minimalist/Demo/Scenes
  artifactKey: Guid(8243df49fe0bb482abb2ae56db1067ef) Importer(815301076,1909f56bfc062723c751e8b465ee728b)
Start importing Assets/GUIPack-Clean&Minimalist/Demo/Scenes using Guid(8243df49fe0bb482abb2ae56db1067ef) Importer(815301076,1909f56bfc062723c751e8b465ee728b)  -> (artifact id: '862f97d65b509dd362462d93e80eff52') in 0.005052 seconds 
  Import took 0.010854 seconds .

========================================================================
Received Prepare
Registering precompiled user dll's ...
Registered in 0.035653 seconds.
Begin MonoManager ReloadAssembly
Native extension for WindowsStandalone target not found
Refreshing native plugins compatible for Editor in 1.10 ms, found 2 plugins.
Preloading 0 native plugins for Editor in 0.00 ms.
Mono: successfully reloaded assembly
- Completed reload, in  4.502 seconds
Domain Reload Profiling:
	ReloadAssembly (4508ms)
		BeginReloadAssembly (839ms)
			ExecutionOrderSort (0ms)
			DisableScriptedObjects (23ms)
			BackupInstance (0ms)
			ReleaseScriptingObjects (0ms)
			CreateAndSetChildDomain (199ms)
		EndReloadAssembly (3382ms)
			LoadAssemblies (722ms)
			RebuildTransferFunctionScriptingTraits (0ms)
			SetupTypeCache (2262ms)
			ReleaseScriptCaches (1ms)
			RebuildScriptCaches (90ms)
			SetupLoadedEditorAssemblies (533ms)
				LogAssemblyErrors (0ms)
				InitializePlatformSupportModulesInManaged (7ms)
				SetLoadedEditorAssemblies (1ms)
				RefreshPlugins (1ms)
				BeforeProcessingInitializeOnLoad (123ms)
				ProcessInitializeOnLoadAttributes (376ms)
				ProcessInitializeOnLoadMethodAttributes (19ms)
				AfterProcessingInitializeOnLoad (6ms)
				EditorAssembliesLoaded (0ms)
			ExecutionOrderSort2 (0ms)
			AwakeInstancesAfterBackupRestoration (13ms)
Platform modules already initialized, skipping
Refreshing native plugins compatible for Editor in 1.31 ms, found 2 plugins.
Preloading 0 native plugins for Editor in 0.00 ms.
Unloading 1493 Unused Serialized files (Serialized files now loaded: 0)
System memory in use before: 77.4 MB.
System memory in use after: 77.5 MB.

Unloading 14 unused Assets to reduce memory usage. Loaded Objects now: 1933.
Total: 5.812700 ms (FindLiveObjects: 0.263500 ms CreateObjectMapping: 0.097100 ms MarkObjects: 5.415100 ms  DeleteObjects: 0.034700 ms)

AssetImportParameters requested are different than current active one (requested -> active):
  custom:framework-win-MediaFoundation: 216162199b28c13a410421893ffa2e32 -> 
  custom:video-decoder-ogg-theora: a1e56fd34408186e4bbccfd4996cb3dc -> 
  custom:container-muxer-webm: aa71ff27fc2769a1b78a27578f13a17b -> 
  custom:container-demuxer-webm: 4f35f7cbe854078d1ac9338744f61a02 -> 
  custom:container-demuxer-ogg: 62fdf1f143b41e24485cea50d1cbac27 -> 
  custom:video-encoder-webm-vp8: eb34c28f22e8b96e1ab97ce403110664 -> 
  custom:video-decoder-webm-vp8: 9c59270c3fd7afecdb556c50c9e8de78 -> 
  custom:audio-decoder-ogg-vorbis: bf7c407c2cedff20999df2af8eb42d56 -> 
  custom:audio-encoder-webm-vorbis: bf7c407c2cedff20999df2af8eb42d56 -> 
========================================================================
Received Prepare
Registering precompiled user dll's ...
Registered in 0.004170 seconds.
Begin MonoManager ReloadAssembly
Native extension for WindowsStandalone target not found
Refreshing native plugins compatible for Editor in 1.20 ms, found 2 plugins.
Preloading 0 native plugins for Editor in 0.00 ms.
Mono: successfully reloaded assembly
- Completed reload, in  1.439 seconds
Domain Reload Profiling:
	ReloadAssembly (1440ms)
		BeginReloadAssembly (167ms)
			ExecutionOrderSort (0ms)
			DisableScriptedObjects (9ms)
			BackupInstance (0ms)
			ReleaseScriptingObjects (0ms)
			CreateAndSetChildDomain (49ms)
		EndReloadAssembly (1184ms)
			LoadAssemblies (130ms)
			RebuildTransferFunctionScriptingTraits (0ms)
			SetupTypeCache (418ms)
			ReleaseScriptCaches (1ms)
			RebuildScriptCaches (51ms)
			SetupLoadedEditorAssemblies (440ms)
				LogAssemblyErrors (0ms)
				InitializePlatformSupportModulesInManaged (6ms)
				SetLoadedEditorAssemblies (0ms)
				RefreshPlugins (1ms)
				BeforeProcessingInitializeOnLoad (81ms)
				ProcessInitializeOnLoadAttributes (333ms)
				ProcessInitializeOnLoadMethodAttributes (13ms)
				AfterProcessingInitializeOnLoad (5ms)
				EditorAssembliesLoaded (0ms)
			ExecutionOrderSort2 (0ms)
			AwakeInstancesAfterBackupRestoration (13ms)
Platform modules already initialized, skipping
Refreshing native plugins compatible for Editor in 1.37 ms, found 2 plugins.
Preloading 0 native plugins for Editor in 0.00 ms.
Unloading 1540 Unused Serialized files (Serialized files now loaded: 0)
System memory in use before: 80.5 MB.
System memory in use after: 80.0 MB.

Unloading 27 unused Assets to reduce memory usage. Loaded Objects now: 1969.
Total: 5.326100 ms (FindLiveObjects: 0.220200 ms CreateObjectMapping: 0.053400 ms MarkObjects: 4.643300 ms  DeleteObjects: 0.407200 ms)

AssetImportParameters requested are different than current active one (requested -> active):
  custom:framework-win-MediaFoundation: 216162199b28c13a410421893ffa2e32 -> 
  custom:video-decoder-ogg-theora: a1e56fd34408186e4bbccfd4996cb3dc -> 
  custom:container-muxer-webm: aa71ff27fc2769a1b78a27578f13a17b -> 
  custom:container-demuxer-webm: 4f35f7cbe854078d1ac9338744f61a02 -> 
  custom:container-demuxer-ogg: 62fdf1f143b41e24485cea50d1cbac27 -> 
  custom:video-encoder-webm-vp8: eb34c28f22e8b96e1ab97ce403110664 -> 
  custom:video-decoder-webm-vp8: 9c59270c3fd7afecdb556c50c9e8de78 -> 
  custom:audio-decoder-ogg-vorbis: bf7c407c2cedff20999df2af8eb42d56 -> 
  custom:audio-encoder-webm-vorbis: bf7c407c2cedff20999df2af8eb42d56 -> 
========================================================================
Received Import Request.
  Time since last request: 594.264176 seconds.
  path: Assets/GUIPack-Clean&Minimalist/Sources/Game Controller/Game Controller/XBoxOne/Dark_PNG/Back-Button-Dark.png
  artifactKey: Guid(719c466caa9234f58bf9191d0bbb42ff) Importer(815301076,1909f56bfc062723c751e8b465ee728b)
Start importing Assets/GUIPack-Clean&Minimalist/Sources/Game Controller/Game Controller/XBoxOne/Dark_PNG/Back-Button-Dark.png using Guid(719c466caa9234f58bf9191d0bbb42ff) Importer(815301076,1909f56bfc062723c751e8b465ee728b)  -> (artifact id: 'f32c29e9be505f1fb68528aeff52d001') in 0.127869 seconds 
  Import took 0.132872 seconds .

========================================================================
Received Import Request.
  Time since last request: 1.378421 seconds.
  path: Assets/GUIPack-Clean&Minimalist/Sources/Game Controller/Game Controller/XBoxOne/Dark_PSD/Back-Button-Dark.psd
  artifactKey: Guid(7f1b71fd4e10d4496bfdeefea781bc92) Importer(815301076,1909f56bfc062723c751e8b465ee728b)
Start importing Assets/GUIPack-Clean&Minimalist/Sources/Game Controller/Game Controller/XBoxOne/Dark_PSD/Back-Button-Dark.psd using Guid(7f1b71fd4e10d4496bfdeefea781bc92) Importer(815301076,1909f56bfc062723c751e8b465ee728b)  -> (artifact id: '83869d527a598af9cd9408ea668aaadf') in 0.041415 seconds 
  Import took 0.048115 seconds .

========================================================================
Received Import Request.
  Time since last request: 0.520704 seconds.
  path: Assets/GUIPack-Clean&Minimalist/Sources/Game Controller/Game Controller/XBoxOne/Dark_SVG/Back-Button-Dark.svg
  artifactKey: Guid(26a524e6c23a8444289be68618d039df) Importer(815301076,1909f56bfc062723c751e8b465ee728b)
Start importing Assets/GUIPack-Clean&Minimalist/Sources/Game Controller/Game Controller/XBoxOne/Dark_SVG/Back-Button-Dark.svg using Guid(26a524e6c23a8444289be68618d039df) Importer(815301076,1909f56bfc062723c751e8b465ee728b)  -> (artifact id: '20b4f86d69b89cb963cc360cfd6097ec') in 0.009914 seconds 
  Import took 0.016419 seconds .

========================================================================
Received Import Request.
  Time since last request: 0.260326 seconds.
  path: Assets/GUIPack-Clean&Minimalist/Sources/Game Controller/Game Controller/XBoxOne/White_PNG/Back-Button-White.png
  artifactKey: Guid(ed2bf666811414578bb472e48e7fb4e5) Importer(815301076,1909f56bfc062723c751e8b465ee728b)
Start importing Assets/GUIPack-Clean&Minimalist/Sources/Game Controller/Game Controller/XBoxOne/White_PNG/Back-Button-White.png using Guid(ed2bf666811414578bb472e48e7fb4e5) Importer(815301076,1909f56bfc062723c751e8b465ee728b)  -> (artifact id: 'ef81c3342c6e9b961033f77d5b69e266') in 0.025537 seconds 
  Import took 0.031214 seconds .

========================================================================
Received Import Request.
  Time since last request: 0.273645 seconds.
  path: Assets/GUIPack-Clean&Minimalist/Sources/Game Controller/Game Controller/XBoxOne/White_SVG/Back-Button-White.svg
  artifactKey: Guid(571f174cbad80450191c57853f489e2d) Importer(815301076,1909f56bfc062723c751e8b465ee728b)
Start importing Assets/GUIPack-Clean&Minimalist/Sources/Game Controller/Game Controller/XBoxOne/White_SVG/Back-Button-White.svg using Guid(571f174cbad80450191c57853f489e2d) Importer(815301076,1909f56bfc062723c751e8b465ee728b)  -> (artifact id: '4458e434f4d94e1c7984bee2f6e6615b') in 0.003372 seconds 
  Import took 0.007617 seconds .

========================================================================
Received Import Request.
  Time since last request: 0.265153 seconds.
  path: Assets/GUIPack-Clean&Minimalist/Sources/Game Controller/Game Controller/XBoxOne/White_PSD/Back-Button-White.psd
  artifactKey: Guid(5acf6bbcaf5be4a6fbd2789001078c37) Importer(815301076,1909f56bfc062723c751e8b465ee728b)
Start importing Assets/GUIPack-Clean&Minimalist/Sources/Game Controller/Game Controller/XBoxOne/White_PSD/Back-Button-White.psd using Guid(5acf6bbcaf5be4a6fbd2789001078c37) Importer(815301076,1909f56bfc062723c751e8b465ee728b)  -> (artifact id: 'fc4534376c81dbdec5031d11788d76a1') in 0.023250 seconds 
  Import took 0.028590 seconds .

========================================================================
Received Import Request.
  Time since last request: 0.845570 seconds.
  path: Assets/GUIPack-Clean&Minimalist/Sources/Game Controller/VR Game Controller/OculusRift/WhiteSolid/PNG/Remote/BackButton.png
  artifactKey: Guid(addbaace36bb242bd85cf96924954f37) Importer(815301076,1909f56bfc062723c751e8b465ee728b)
Start importing Assets/GUIPack-Clean&Minimalist/Sources/Game Controller/VR Game Controller/OculusRift/WhiteSolid/PNG/Remote/BackButton.png using Guid(addbaace36bb242bd85cf96924954f37) Importer(815301076,1909f56bfc062723c751e8b465ee728b)  -> (artifact id: '2cce2e4f632cb31cc08be01e8aa8fcb2') in 0.014689 seconds 
  Import took 0.019091 seconds .

========================================================================
Received Import Request.
  Time since last request: 0.228762 seconds.
  path: Assets/GUIPack-Clean&Minimalist/Sources/Game Controller/VR Game Controller/OculusRift/BlackSolid/PSD/Remote/BackButton.psd
  artifactKey: Guid(300014e71c5984b60aee26ad5bd021c7) Importer(815301076,1909f56bfc062723c751e8b465ee728b)
Start importing Assets/GUIPack-Clean&Minimalist/Sources/Game Controller/VR Game Controller/OculusRift/BlackSolid/PSD/Remote/BackButton.psd using Guid(300014e71c5984b60aee26ad5bd021c7) Importer(815301076,1909f56bfc062723c751e8b465ee728b)  -> (artifact id: '7c7ed910aac54dd87c668201e6663376') in 0.015859 seconds 
  Import took 0.019963 seconds .

========================================================================
Received Prepare
Registering precompiled user dll's ...
Registered in 0.008772 seconds.
Begin MonoManager ReloadAssembly
Native extension for WindowsStandalone target not found
Refreshing native plugins compatible for Editor in 1.50 ms, found 2 plugins.
Preloading 0 native plugins for Editor in 0.00 ms.
Mono: successfully reloaded assembly
- Completed reload, in  2.013 seconds
Domain Reload Profiling:
	ReloadAssembly (2014ms)
		BeginReloadAssembly (286ms)
			ExecutionOrderSort (0ms)
			DisableScriptedObjects (12ms)
			BackupInstance (0ms)
			ReleaseScriptingObjects (0ms)
			CreateAndSetChildDomain (92ms)
		EndReloadAssembly (1566ms)
			LoadAssemblies (251ms)
			RebuildTransferFunctionScriptingTraits (0ms)
			SetupTypeCache (639ms)
			ReleaseScriptCaches (1ms)
			RebuildScriptCaches (55ms)
			SetupLoadedEditorAssemblies (520ms)
				LogAssemblyErrors (0ms)
				InitializePlatformSupportModulesInManaged (10ms)
				SetLoadedEditorAssemblies (1ms)
				RefreshPlugins (2ms)
				BeforeProcessingInitializeOnLoad (98ms)
				ProcessInitializeOnLoadAttributes (383ms)
				ProcessInitializeOnLoadMethodAttributes (21ms)
				AfterProcessingInitializeOnLoad (6ms)
				EditorAssembliesLoaded (1ms)
			ExecutionOrderSort2 (0ms)
			AwakeInstancesAfterBackupRestoration (16ms)
Platform modules already initialized, skipping
Refreshing native plugins compatible for Editor in 1.52 ms, found 2 plugins.
Preloading 0 native plugins for Editor in 0.00 ms.
Unloading 1540 Unused Serialized files (Serialized files now loaded: 0)
System memory in use before: 83.6 MB.
System memory in use after: 83.1 MB.

Unloading 27 unused Assets to reduce memory usage. Loaded Objects now: 1979.
Total: 5.459100 ms (FindLiveObjects: 0.410900 ms CreateObjectMapping: 0.073200 ms MarkObjects: 4.522500 ms  DeleteObjects: 0.450000 ms)

AssetImportParameters requested are different than current active one (requested -> active):
  custom:framework-win-MediaFoundation: 216162199b28c13a410421893ffa2e32 -> 
  custom:video-decoder-ogg-theora: a1e56fd34408186e4bbccfd4996cb3dc -> 
  custom:container-muxer-webm: aa71ff27fc2769a1b78a27578f13a17b -> 
  custom:container-demuxer-webm: 4f35f7cbe854078d1ac9338744f61a02 -> 
  custom:container-demuxer-ogg: 62fdf1f143b41e24485cea50d1cbac27 -> 
  custom:video-encoder-webm-vp8: eb34c28f22e8b96e1ab97ce403110664 -> 
  custom:video-decoder-webm-vp8: 9c59270c3fd7afecdb556c50c9e8de78 -> 
  custom:audio-decoder-ogg-vorbis: bf7c407c2cedff20999df2af8eb42d56 -> 
  custom:audio-encoder-webm-vorbis: bf7c407c2cedff20999df2af8eb42d56 -> 
========================================================================
Received Import Request.
  Time since last request: 2970.767498 seconds.
  path: Assets/TextMesh Pro/Shaders
  artifactKey: Guid(e9f693669af91aa45ad615fc681ed29f) Importer(815301076,1909f56bfc062723c751e8b465ee728b)
Start importing Assets/TextMesh Pro/Shaders using Guid(e9f693669af91aa45ad615fc681ed29f) Importer(815301076,1909f56bfc062723c751e8b465ee728b)  -> (artifact id: '486066d15e4e2d1f404625b357b63227') in 0.008092 seconds 
  Import took 0.014682 seconds .

========================================================================
Received Import Request.
  Time since last request: 1288.823081 seconds.
  path: Assets/GUIPack-Clean&Minimalist/Demo/Scenes/Themes
  artifactKey: Guid(87869d51efba74ac99555000fb502894) Importer(815301076,1909f56bfc062723c751e8b465ee728b)
Start importing Assets/GUIPack-Clean&Minimalist/Demo/Scenes/Themes using Guid(87869d51efba74ac99555000fb502894) Importer(815301076,1909f56bfc062723c751e8b465ee728b)  -> (artifact id: '44805153a953d3b1a4a88214e0ada718') in 0.003776 seconds 
  Import took 0.008395 seconds .

========================================================================
Received Import Request.
  Time since last request: 0.826852 seconds.
  path: Assets/GUIPack-Clean&Minimalist/Demo/Scenes/Themes/Dark
  artifactKey: Guid(b7dd4fe132a5e49d19da63d3e1ed5677) Importer(815301076,1909f56bfc062723c751e8b465ee728b)
Start importing Assets/GUIPack-Clean&Minimalist/Demo/Scenes/Themes/Dark using Guid(b7dd4fe132a5e49d19da63d3e1ed5677) Importer(815301076,1909f56bfc062723c751e8b465ee728b)  -> (artifact id: '1347e5b386738cce409298e2e15c071e') in 0.003427 seconds 
  Import took 0.007423 seconds .

========================================================================
Received Import Request.
  Time since last request: 0.754777 seconds.
  path: Assets/GUIPack-Clean&Minimalist/Demo/Scenes/Themes/Dark/Dark - Game.unity
  artifactKey: Guid(3e961f553cad04680b4e67a97dbaf86a) Importer(815301076,1909f56bfc062723c751e8b465ee728b)
Start importing Assets/GUIPack-Clean&Minimalist/Demo/Scenes/Themes/Dark/Dark - Game.unity using Guid(3e961f553cad04680b4e67a97dbaf86a) Importer(815301076,1909f56bfc062723c751e8b465ee728b)  -> (artifact id: '3e21aa072238a4e9d205d2c06de3e7ba') in 0.030450 seconds 
  Import took 0.036020 seconds .

========================================================================
Received Prepare
Registering precompiled user dll's ...
Registered in 0.024845 seconds.
Begin MonoManager ReloadAssembly
Native extension for WindowsStandalone target not found
Refreshing native plugins compatible for Editor in 7.15 ms, found 2 plugins.
Preloading 0 native plugins for Editor in 0.00 ms.
Mono: successfully reloaded assembly
- Completed reload, in  4.943 seconds
Domain Reload Profiling:
	ReloadAssembly (4945ms)
		BeginReloadAssembly (980ms)
			ExecutionOrderSort (0ms)
			DisableScriptedObjects (48ms)
			BackupInstance (0ms)
			ReleaseScriptingObjects (0ms)
			CreateAndSetChildDomain (361ms)
		EndReloadAssembly (3730ms)
			LoadAssemblies (700ms)
			RebuildTransferFunctionScriptingTraits (0ms)
			SetupTypeCache (1148ms)
			ReleaseScriptCaches (1ms)
			RebuildScriptCaches (159ms)
			SetupLoadedEditorAssemblies (1407ms)
				LogAssemblyErrors (0ms)
				InitializePlatformSupportModulesInManaged (25ms)
				SetLoadedEditorAssemblies (1ms)
				RefreshPlugins (8ms)
				BeforeProcessingInitializeOnLoad (360ms)
				ProcessInitializeOnLoadAttributes (946ms)
				ProcessInitializeOnLoadMethodAttributes (53ms)
				AfterProcessingInitializeOnLoad (12ms)
				EditorAssembliesLoaded (2ms)
			ExecutionOrderSort2 (0ms)
			AwakeInstancesAfterBackupRestoration (39ms)
Platform modules already initialized, skipping
Refreshing native plugins compatible for Editor in 1.66 ms, found 2 plugins.
Preloading 0 native plugins for Editor in 0.00 ms.
Unloading 1540 Unused Serialized files (Serialized files now loaded: 0)
System memory in use before: 83.7 MB.
System memory in use after: 83.1 MB.

Unloading 27 unused Assets to reduce memory usage. Loaded Objects now: 1981.
Total: 16.165700 ms (FindLiveObjects: 1.355300 ms CreateObjectMapping: 0.766700 ms MarkObjects: 12.555700 ms  DeleteObjects: 1.456400 ms)

AssetImportParameters requested are different than current active one (requested -> active):
  custom:framework-win-MediaFoundation: 216162199b28c13a410421893ffa2e32 -> 
  custom:video-decoder-ogg-theora: a1e56fd34408186e4bbccfd4996cb3dc -> 
  custom:container-muxer-webm: aa71ff27fc2769a1b78a27578f13a17b -> 
  custom:container-demuxer-webm: 4f35f7cbe854078d1ac9338744f61a02 -> 
  custom:container-demuxer-ogg: 62fdf1f143b41e24485cea50d1cbac27 -> 
  custom:video-encoder-webm-vp8: eb34c28f22e8b96e1ab97ce403110664 -> 
  custom:video-decoder-webm-vp8: 9c59270c3fd7afecdb556c50c9e8de78 -> 
  custom:audio-decoder-ogg-vorbis: bf7c407c2cedff20999df2af8eb42d56 -> 
  custom:audio-encoder-webm-vorbis: bf7c407c2cedff20999df2af8eb42d56 -> 
========================================================================
Received Prepare
Registering precompiled user dll's ...
Registered in 0.006679 seconds.
Begin MonoManager ReloadAssembly
Native extension for WindowsStandalone target not found
Refreshing native plugins compatible for Editor in 1.58 ms, found 2 plugins.
Preloading 0 native plugins for Editor in 0.00 ms.
Mono: successfully reloaded assembly
- Completed reload, in  2.338 seconds
Domain Reload Profiling:
	ReloadAssembly (2338ms)
		BeginReloadAssembly (259ms)
			ExecutionOrderSort (0ms)
			DisableScriptedObjects (13ms)
			BackupInstance (0ms)
			ReleaseScriptingObjects (0ms)
			CreateAndSetChildDomain (90ms)
		EndReloadAssembly (1908ms)
			LoadAssemblies (229ms)
			RebuildTransferFunctionScriptingTraits (0ms)
			SetupTypeCache (715ms)
			ReleaseScriptCaches (2ms)
			RebuildScriptCaches (89ms)
			SetupLoadedEditorAssemblies (664ms)
				LogAssemblyErrors (0ms)
				InitializePlatformSupportModulesInManaged (12ms)
				SetLoadedEditorAssemblies (1ms)
				RefreshPlugins (2ms)
				BeforeProcessingInitializeOnLoad (156ms)
				ProcessInitializeOnLoadAttributes (468ms)
				ProcessInitializeOnLoadMethodAttributes (18ms)
				AfterProcessingInitializeOnLoad (7ms)
				EditorAssembliesLoaded (1ms)
			ExecutionOrderSort2 (0ms)
			AwakeInstancesAfterBackupRestoration (16ms)
Platform modules already initialized, skipping
Refreshing native plugins compatible for Editor in 1.32 ms, found 2 plugins.
Preloading 0 native plugins for Editor in 0.00 ms.
Unloading 1540 Unused Serialized files (Serialized files now loaded: 0)
System memory in use before: 83.7 MB.
System memory in use after: 83.1 MB.

Unloading 27 unused Assets to reduce memory usage. Loaded Objects now: 1983.
Total: 7.002200 ms (FindLiveObjects: 0.278700 ms CreateObjectMapping: 0.101600 ms MarkObjects: 5.867600 ms  DeleteObjects: 0.751800 ms)

AssetImportParameters requested are different than current active one (requested -> active):
  custom:framework-win-MediaFoundation: 216162199b28c13a410421893ffa2e32 -> 
  custom:video-decoder-ogg-theora: a1e56fd34408186e4bbccfd4996cb3dc -> 
  custom:container-muxer-webm: aa71ff27fc2769a1b78a27578f13a17b -> 
  custom:container-demuxer-webm: 4f35f7cbe854078d1ac9338744f61a02 -> 
  custom:container-demuxer-ogg: 62fdf1f143b41e24485cea50d1cbac27 -> 
  custom:video-encoder-webm-vp8: eb34c28f22e8b96e1ab97ce403110664 -> 
  custom:video-decoder-webm-vp8: 9c59270c3fd7afecdb556c50c9e8de78 -> 
  custom:audio-decoder-ogg-vorbis: bf7c407c2cedff20999df2af8eb42d56 -> 
  custom:audio-encoder-webm-vorbis: bf7c407c2cedff20999df2af8eb42d56 -> 
========================================================================
Received Import Request.
  Time since last request: 637.681179 seconds.
  path: Assets/GUIPack-Clean&Minimalist/Demo/Scenes/Themes/Dark/Dark - Home.unity
  artifactKey: Guid(68c3b27ea42954caab63ca4b921ad14d) Importer(815301076,1909f56bfc062723c751e8b465ee728b)
Start importing Assets/GUIPack-Clean&Minimalist/Demo/Scenes/Themes/Dark/Dark - Home.unity using Guid(68c3b27ea42954caab63ca4b921ad14d) Importer(815301076,1909f56bfc062723c751e8b465ee728b)  -> (artifact id: 'fe82f92c94217423f6c43ece38347b79') in 0.015892 seconds 
  Import took 0.020498 seconds .

========================================================================
Received Import Request.
  Time since last request: 2245.289743 seconds.
  path: Assets/GUIPack-Clean&Minimalist/Demo/Scenes/Themes/Light/Light - Game.unity
  artifactKey: Guid(ed69d3f9b5a8e446896934f79e173d08) Importer(815301076,1909f56bfc062723c751e8b465ee728b)
Start importing Assets/GUIPack-Clean&Minimalist/Demo/Scenes/Themes/Light/Light - Game.unity using Guid(ed69d3f9b5a8e446896934f79e173d08) Importer(815301076,1909f56bfc062723c751e8b465ee728b)  -> (artifact id: '51ce98c1fd4d63980b2e4cdce2387464') in 0.004435 seconds 
  Import took 0.015784 seconds .

========================================================================
Received Prepare
Registering precompiled user dll's ...
Registered in 0.005408 seconds.
Begin MonoManager ReloadAssembly
Native extension for WindowsStandalone target not found
Refreshing native plugins compatible for Editor in 3.34 ms, found 2 plugins.
Preloading 0 native plugins for Editor in 0.00 ms.
Mono: successfully reloaded assembly
- Completed reload, in  6.436 seconds
Domain Reload Profiling:
	ReloadAssembly (6448ms)
		BeginReloadAssembly (895ms)
			ExecutionOrderSort (0ms)
			DisableScriptedObjects (52ms)
			BackupInstance (0ms)
			ReleaseScriptingObjects (0ms)
			CreateAndSetChildDomain (317ms)
		EndReloadAssembly (5344ms)
			LoadAssemblies (582ms)
			RebuildTransferFunctionScriptingTraits (0ms)
			SetupTypeCache (1916ms)
			ReleaseScriptCaches (3ms)
			RebuildScriptCaches (424ms)
			SetupLoadedEditorAssemblies (1988ms)
				LogAssemblyErrors (0ms)
				InitializePlatformSupportModulesInManaged (24ms)
				SetLoadedEditorAssemblies (1ms)
				RefreshPlugins (5ms)
				BeforeProcessingInitializeOnLoad (467ms)
				ProcessInitializeOnLoadAttributes (1408ms)
				ProcessInitializeOnLoadMethodAttributes (70ms)
				AfterProcessingInitializeOnLoad (13ms)
				EditorAssembliesLoaded (1ms)
			ExecutionOrderSort2 (0ms)
			AwakeInstancesAfterBackupRestoration (47ms)
Platform modules already initialized, skipping
Refreshing native plugins compatible for Editor in 6.59 ms, found 2 plugins.
Preloading 0 native plugins for Editor in 0.00 ms.
Unloading 1540 Unused Serialized files (Serialized files now loaded: 0)
System memory in use before: 83.7 MB.
System memory in use after: 83.1 MB.

Unloading 27 unused Assets to reduce memory usage. Loaded Objects now: 1985.
Total: 11.673300 ms (FindLiveObjects: 0.218800 ms CreateObjectMapping: 0.080600 ms MarkObjects: 9.874600 ms  DeleteObjects: 1.489000 ms)

AssetImportParameters requested are different than current active one (requested -> active):
  custom:framework-win-MediaFoundation: 216162199b28c13a410421893ffa2e32 -> 
  custom:video-decoder-ogg-theora: a1e56fd34408186e4bbccfd4996cb3dc -> 
  custom:container-muxer-webm: aa71ff27fc2769a1b78a27578f13a17b -> 
  custom:container-demuxer-webm: 4f35f7cbe854078d1ac9338744f61a02 -> 
  custom:container-demuxer-ogg: 62fdf1f143b41e24485cea50d1cbac27 -> 
  custom:video-encoder-webm-vp8: eb34c28f22e8b96e1ab97ce403110664 -> 
  custom:video-decoder-webm-vp8: 9c59270c3fd7afecdb556c50c9e8de78 -> 
  custom:audio-decoder-ogg-vorbis: bf7c407c2cedff20999df2af8eb42d56 -> 
  custom:audio-encoder-webm-vorbis: bf7c407c2cedff20999df2af8eb42d56 -> 
AssetImportWorkerClient::OnTransportError - code=2 error=End of file
